2025-03-19 14:17:57 - goalkickltd_trading_bot - INFO - Initializing Goalkick Trading Bot (ID: c8e2f795-f5f8-48b9-b8e1-c48307930b3b) in PAPER mode
2025-03-19 14:17:57 - goalkickltd_trading_bot.bybit_api - INFO - Initialized Bybit API client (testnet: True)
2025-03-19 14:17:57 - goalkickltd_trading_bot.datastore - INFO - Database initialized successfully
2025-03-19 14:17:57 - goalkickltd_trading_bot.strategies.base - ERROR - Error loading strategies: 'DataStore' object has no attribute 'load_strategies'
2025-03-19 14:17:57 - goalkickltd_trading_bot.utils.error_handling - ERROR - Failed to load strategies: AttributeError - 'DataStore' object has no attribute 'load_strategies'
2025-03-19 14:17:58 - goalkickltd_trading_bot.utils.error_handling - ERROR - Failed to send error notification: 404 Client Error: Not Found for url: https://api.telegram.org/botyour_telegram_token_here/sendMessage
2025-03-19 14:17:58 - goalkickltd_trading_bot.strategies.base - INFO - Added strategy MovingAverageCross with ID e5cfe220-3f7c-47ca-a0d9-4452caac2cd8
2025-03-19 14:17:58 - goalkickltd_trading_bot.strategies.base - INFO - Added strategy MACD with ID a74da2fe-719b-4d10-b1f8-c0e323b96f57
2025-03-19 14:17:58 - goalkickltd_trading_bot.strategies.base - INFO - Added strategy Ichimoku with ID 3ee40e24-d51d-4d3e-92e0-bbbfb4842e09
2025-03-19 14:17:58 - goalkickltd_trading_bot.strategies.base - INFO - Added strategy RSI with ID 48e19ef9-4a6e-4065-94a9-dda6d0fca477
2025-03-19 14:17:58 - goalkickltd_trading_bot.strategies.base - INFO - Added strategy BollingerBands with ID bc64246c-6ba3-4321-a083-5a9f686d6801
2025-03-19 14:17:58 - goalkickltd_trading_bot.strategies.base - INFO - Added strategy KalmanFilter with ID c2e6c42b-f696-4f60-b62f-82696758826a
2025-03-19 14:17:58 - goalkickltd_trading_bot.signals.generator - INFO - Created default strategy set
2025-03-19 14:17:58 - goalkickltd_trading_bot.strategies.base - ERROR - Error saving strategies: 'DataStore' object has no attribute 'save_strategies'
2025-03-19 14:17:58 - goalkickltd_trading_bot.utils.error_handling - ERROR - Failed to save strategies: AttributeError - 'DataStore' object has no attribute 'save_strategies'
2025-03-19 14:18:00 - goalkickltd_trading_bot.utils.error_handling - ERROR - Failed to send error notification: 404 Client Error: Not Found for url: https://api.telegram.org/botyour_telegram_token_here/sendMessage
2025-03-19 14:18:00 - goalkickltd_trading_bot - INFO - Trading bot initialization complete
2025-03-19 14:18:00 - goalkickltd_trading_bot - INFO - Starting trading bot...
2025-03-19 14:18:01 - goalkickltd_trading_bot.bybit_api - ERROR - Request error: HTTPSConnectionPool(host='api-testnet.bybit.com', port=443): Max retries exceeded with url: /v5/market/time (Caused by NameResolutionError("<urllib3.connection.HTTPSConnection object at 0x000001C5B2CA5710>: Failed to resolve 'api-testnet.bybit.com' ([Errno 11001] getaddrinfo failed)"))
2025-03-19 14:18:02 - goalkickltd_trading_bot.bybit_api - ERROR - Request error: HTTPSConnectionPool(host='api-testnet.bybit.com', port=443): Max retries exceeded with url: /v5/market/time (Caused by NameResolutionError("<urllib3.connection.HTTPSConnection object at 0x000001C5B2CA7F10>: Failed to resolve 'api-testnet.bybit.com' ([Errno 11001] getaddrinfo failed)"))
2025-03-19 14:18:04 - goalkickltd_trading_bot.bybit_api - ERROR - Request error: HTTPSConnectionPool(host='api-testnet.bybit.com', port=443): Max retries exceeded with url: /v5/market/time (Caused by NameResolutionError("<urllib3.connection.HTTPSConnection object at 0x000001C5B2CC5BD0>: Failed to resolve 'api-testnet.bybit.com' ([Errno 11001] getaddrinfo failed)"))
2025-03-19 14:18:04 - goalkickltd_trading_bot.bybit_api - ERROR - Ping failed: HTTPSConnectionPool(host='api-testnet.bybit.com', port=443): Max retries exceeded with url: /v5/market/time (Caused by NameResolutionError("<urllib3.connection.HTTPSConnection object at 0x000001C5B2CC5BD0>: Failed to resolve 'api-testnet.bybit.com' ([Errno 11001] getaddrinfo failed)"))
2025-03-19 14:18:04 - goalkickltd_trading_bot - ERROR - Cannot connect to exchange. Check API credentials and network connection.
2025-03-19 14:37:57 - goalkickltd_trading_bot - INFO - Initializing Goalkick Trading Bot (ID: 33186827-500e-4bb6-b349-3f4e9ef962d7) in PAPER mode
2025-03-19 14:37:57 - goalkickltd_trading_bot.bybit_api - INFO - Initialized Bybit API client (testnet: True)
2025-03-19 14:37:57 - goalkickltd_trading_bot.datastore - INFO - Database initialized successfully
2025-03-19 14:37:57 - goalkickltd_trading_bot.strategies.base - ERROR - Error loading strategies: 'DataStore' object has no attribute 'load_strategies'
2025-03-19 14:37:57 - goalkickltd_trading_bot.utils.error_handling - ERROR - Failed to load strategies: AttributeError - 'DataStore' object has no attribute 'load_strategies'
2025-03-19 14:37:59 - goalkickltd_trading_bot.utils.error_handling - ERROR - Failed to send notification: 404 Client Error: Not Found for url: https://api.telegram.org/botyour_telegram_token_here/sendMessage
2025-03-19 14:37:59 - goalkickltd_trading_bot.strategies.base - INFO - Added strategy MovingAverageCross with ID 53d54721-3574-492b-b0cd-3bf1984532ea
2025-03-19 14:37:59 - goalkickltd_trading_bot.strategies.base - INFO - Added strategy MACD with ID 6c06fe08-a486-43c7-a7bf-f208eefc21d0
2025-03-19 14:37:59 - goalkickltd_trading_bot.strategies.base - INFO - Added strategy Ichimoku with ID a583474e-578c-41bd-b88f-97e417c116c0
2025-03-19 14:37:59 - goalkickltd_trading_bot.strategies.base - INFO - Added strategy RSI with ID 18c299aa-13ed-44bb-9949-9c0b0b978413
2025-03-19 14:37:59 - goalkickltd_trading_bot.strategies.base - INFO - Added strategy BollingerBands with ID 1e252c5d-7092-409b-a17b-3871ac94f67a
2025-03-19 14:37:59 - goalkickltd_trading_bot.strategies.base - INFO - Added strategy KalmanFilter with ID 2e1adfa4-949c-44b8-abfb-bd266c599b0d
2025-03-19 14:37:59 - goalkickltd_trading_bot.signals.generator - INFO - Created default strategy set
2025-03-19 14:37:59 - goalkickltd_trading_bot.strategies.base - ERROR - Error saving strategies: Failed to save strategies: string indices must be integers, not 'str'
2025-03-19 14:37:59 - goalkickltd_trading_bot.utils.error_handling - ERROR - Failed to save strategies: DataStoreError - Failed to save strategies: string indices must be integers, not 'str'
2025-03-19 14:38:00 - goalkickltd_trading_bot.utils.error_handling - ERROR - Failed to send notification: 404 Client Error: Not Found for url: https://api.telegram.org/botyour_telegram_token_here/sendMessage
2025-03-19 14:38:00 - goalkickltd_trading_bot - INFO - Trading bot initialization complete
2025-03-19 14:38:00 - goalkickltd_trading_bot - INFO - Starting trading bot...
2025-03-19 14:38:00 - goalkickltd_trading_bot.bybit_api - ERROR - Request error: HTTPSConnectionPool(host='api-testnet.bybit.com', port=443): Max retries exceeded with url: /v5/market/time (Caused by NameResolutionError("<urllib3.connection.HTTPSConnection object at 0x000001F0F5B5E6D0>: Failed to resolve 'api-testnet.bybit.com' ([Errno 11001] getaddrinfo failed)"))
2025-03-19 14:38:01 - goalkickltd_trading_bot.bybit_api - ERROR - Request error: HTTPSConnectionPool(host='api-testnet.bybit.com', port=443): Max retries exceeded with url: /v5/market/time (Caused by NameResolutionError("<urllib3.connection.HTTPSConnection object at 0x000001F0F5B6C250>: Failed to resolve 'api-testnet.bybit.com' ([Errno 11001] getaddrinfo failed)"))
2025-03-19 14:38:03 - goalkickltd_trading_bot.bybit_api - ERROR - Request error: HTTPSConnectionPool(host='api-testnet.bybit.com', port=443): Max retries exceeded with url: /v5/market/time (Caused by NameResolutionError("<urllib3.connection.HTTPSConnection object at 0x000001F0F57DC2D0>: Failed to resolve 'api-testnet.bybit.com' ([Errno 11001] getaddrinfo failed)"))
2025-03-19 14:38:03 - goalkickltd_trading_bot.bybit_api - ERROR - Ping failed: HTTPSConnectionPool(host='api-testnet.bybit.com', port=443): Max retries exceeded with url: /v5/market/time (Caused by NameResolutionError("<urllib3.connection.HTTPSConnection object at 0x000001F0F57DC2D0>: Failed to resolve 'api-testnet.bybit.com' ([Errno 11001] getaddrinfo failed)"))
2025-03-19 14:38:03 - goalkickltd_trading_bot - ERROR - Cannot connect to exchange. Check API credentials and network connection.
2025-03-19 14:44:23 - goalkickltd_trading_bot - INFO - Initializing Goalkick Trading Bot (ID: 8454d2b2-9645-421e-a013-8fb4899b9dda) in PAPER mode
2025-03-19 14:44:23 - goalkickltd_trading_bot.bybit_api - INFO - Initialized Bybit API client (testnet: True)
2025-03-19 14:44:23 - goalkickltd_trading_bot.datastore - INFO - Database initialized successfully
2025-03-19 14:44:23 - goalkickltd_trading_bot.datastore - ERROR - Error loading strategies: no such table: strategies
2025-03-19 14:44:23 - goalkickltd_trading_bot.utils.error_handling - ERROR - Failed to load strategies: OperationalError - no such table: strategies
2025-03-19 14:44:24 - goalkickltd_trading_bot.utils.error_handling - ERROR - Failed to send notification: 404 Client Error: Not Found for url: https://api.telegram.org/botyour_telegram_token_here/sendMessage
2025-03-19 14:44:24 - goalkickltd_trading_bot.strategies.base - WARNING - No strategies found in datastore
2025-03-19 14:44:24 - goalkickltd_trading_bot.strategies.base - INFO - Added strategy MovingAverageCross with ID c5fccd5a-5d65-4ef6-aa58-b43789da5fe6
2025-03-19 14:44:24 - goalkickltd_trading_bot.strategies.base - INFO - Added strategy MACD with ID 6595d106-bf48-4822-9603-dcea59cdd0d2
2025-03-19 14:44:24 - goalkickltd_trading_bot.strategies.base - INFO - Added strategy Ichimoku with ID ddd9a386-77e7-4873-be41-84dd8f3206cd
2025-03-19 14:44:24 - goalkickltd_trading_bot.strategies.base - INFO - Added strategy RSI with ID 046fe990-311b-4ef2-85e6-70ab7cd15cac
2025-03-19 14:44:24 - goalkickltd_trading_bot.strategies.base - INFO - Added strategy BollingerBands with ID d01a7282-24b5-4801-90ad-6957068e4f5a
2025-03-19 14:44:24 - goalkickltd_trading_bot.strategies.base - INFO - Added strategy KalmanFilter with ID abc9bfd4-4542-47b1-b74c-8cedc43c1350
2025-03-19 14:44:24 - goalkickltd_trading_bot.signals.generator - INFO - Created default strategy set
2025-03-19 14:44:24 - goalkickltd_trading_bot.strategies.base - ERROR - Error saving strategies: Failed to save strategies: string indices must be integers, not 'str'
2025-03-19 14:44:24 - goalkickltd_trading_bot.utils.error_handling - ERROR - Failed to save strategies: DataStoreError - Failed to save strategies: string indices must be integers, not 'str'
2025-03-19 14:44:25 - goalkickltd_trading_bot.utils.error_handling - ERROR - Failed to send notification: 404 Client Error: Not Found for url: https://api.telegram.org/botyour_telegram_token_here/sendMessage
2025-03-19 14:44:26 - goalkickltd_trading_bot - INFO - Trading bot initialization complete
2025-03-19 14:44:26 - goalkickltd_trading_bot - INFO - Starting trading bot...
2025-03-19 14:44:26 - goalkickltd_trading_bot.bybit_api - ERROR - Request error: HTTPSConnectionPool(host='api-testnet.bybit.com', port=443): Max retries exceeded with url: /v5/market/time (Caused by NameResolutionError("<urllib3.connection.HTTPSConnection object at 0x000001FB54774C10>: Failed to resolve 'api-testnet.bybit.com' ([Errno 11001] getaddrinfo failed)"))
2025-03-19 14:44:27 - goalkickltd_trading_bot.bybit_api - ERROR - Request error: HTTPSConnectionPool(host='api-testnet.bybit.com', port=443): Max retries exceeded with url: /v5/market/time (Caused by NameResolutionError("<urllib3.connection.HTTPSConnection object at 0x000001FB547767D0>: Failed to resolve 'api-testnet.bybit.com' ([Errno 11001] getaddrinfo failed)"))
2025-03-19 14:44:29 - goalkickltd_trading_bot.bybit_api - ERROR - Request error: HTTPSConnectionPool(host='api-testnet.bybit.com', port=443): Max retries exceeded with url: /v5/market/time (Caused by NameResolutionError("<urllib3.connection.HTTPSConnection object at 0x000001FB54774CD0>: Failed to resolve 'api-testnet.bybit.com' ([Errno 11001] getaddrinfo failed)"))
2025-03-19 14:44:29 - goalkickltd_trading_bot.bybit_api - ERROR - Ping failed: HTTPSConnectionPool(host='api-testnet.bybit.com', port=443): Max retries exceeded with url: /v5/market/time (Caused by NameResolutionError("<urllib3.connection.HTTPSConnection object at 0x000001FB54774CD0>: Failed to resolve 'api-testnet.bybit.com' ([Errno 11001] getaddrinfo failed)"))
2025-03-19 14:44:29 - goalkickltd_trading_bot - ERROR - Cannot connect to exchange. Check API credentials and network connection.
2025-03-19 14:48:52 - goalkickltd_trading_bot - INFO - Initializing Goalkick Trading Bot (ID: d95d2e79-6089-438a-9b57-2d74d7cab259) in PAPER mode
2025-03-19 14:48:52 - goalkickltd_trading_bot.bybit_api - INFO - Initialized Bybit API client (testnet: True)
2025-03-19 14:48:52 - goalkickltd_trading_bot.datastore - INFO - Database initialized successfully
2025-03-19 14:48:52 - goalkickltd_trading_bot.datastore - INFO - Strategies loaded successfully
2025-03-19 14:48:52 - goalkickltd_trading_bot.strategies.base - WARNING - No strategies found in datastore
2025-03-19 14:48:52 - goalkickltd_trading_bot.strategies.base - INFO - Added strategy MovingAverageCross with ID bd470ae6-f489-43e5-9512-f198e16acfcd
2025-03-19 14:48:52 - goalkickltd_trading_bot.strategies.base - INFO - Added strategy MACD with ID 0fba8cb2-8b23-414a-82e4-467f247012e6
2025-03-19 14:48:52 - goalkickltd_trading_bot.strategies.base - INFO - Added strategy Ichimoku with ID f4b2f033-b69c-4fe1-abc4-a3c014907185
2025-03-19 14:48:52 - goalkickltd_trading_bot.strategies.base - INFO - Added strategy RSI with ID afe8ba89-659a-4496-aa8d-34a7de735af6
2025-03-19 14:48:52 - goalkickltd_trading_bot.strategies.base - INFO - Added strategy BollingerBands with ID 15729b3d-33c5-4761-a854-29e3e3fea465
2025-03-19 14:48:52 - goalkickltd_trading_bot.strategies.base - INFO - Added strategy KalmanFilter with ID 06e6f82b-9dcd-4424-9706-845668f8143a
2025-03-19 14:48:52 - goalkickltd_trading_bot.signals.generator - INFO - Created default strategy set
2025-03-19 14:48:52 - goalkickltd_trading_bot.strategies.base - ERROR - Error saving strategies: Failed to save strategies: string indices must be integers, not 'str'
2025-03-19 14:48:52 - goalkickltd_trading_bot.utils.error_handling - ERROR - Failed to save strategies: DataStoreError - Failed to save strategies: string indices must be integers, not 'str'
2025-03-19 14:48:53 - goalkickltd_trading_bot.utils.error_handling - ERROR - Failed to send notification: 404 Client Error: Not Found for url: https://api.telegram.org/botyour_telegram_token_here/sendMessage
2025-03-19 14:48:53 - goalkickltd_trading_bot - INFO - Trading bot initialization complete
2025-03-19 14:48:53 - goalkickltd_trading_bot - INFO - Starting trading bot...
2025-03-19 14:48:53 - goalkickltd_trading_bot.bybit_api - ERROR - Request error: HTTPSConnectionPool(host='api-testnet.bybit.com', port=443): Max retries exceeded with url: /v5/market/time (Caused by NameResolutionError("<urllib3.connection.HTTPSConnection object at 0x00000244E7A11B50>: Failed to resolve 'api-testnet.bybit.com' ([Errno 11001] getaddrinfo failed)"))
2025-03-19 14:48:54 - goalkickltd_trading_bot.bybit_api - ERROR - Request error: HTTPSConnectionPool(host='api-testnet.bybit.com', port=443): Max retries exceeded with url: /v5/market/time (Caused by NameResolutionError("<urllib3.connection.HTTPSConnection object at 0x00000244E7A13710>: Failed to resolve 'api-testnet.bybit.com' ([Errno 11001] getaddrinfo failed)"))
2025-03-19 14:48:56 - goalkickltd_trading_bot.bybit_api - ERROR - Request error: HTTPSConnectionPool(host='api-testnet.bybit.com', port=443): Max retries exceeded with url: /v5/market/time (Caused by NameResolutionError("<urllib3.connection.HTTPSConnection object at 0x00000244E7A10950>: Failed to resolve 'api-testnet.bybit.com' ([Errno 11001] getaddrinfo failed)"))
2025-03-19 14:48:56 - goalkickltd_trading_bot.bybit_api - ERROR - Ping failed: HTTPSConnectionPool(host='api-testnet.bybit.com', port=443): Max retries exceeded with url: /v5/market/time (Caused by NameResolutionError("<urllib3.connection.HTTPSConnection object at 0x00000244E7A10950>: Failed to resolve 'api-testnet.bybit.com' ([Errno 11001] getaddrinfo failed)"))
2025-03-19 14:48:56 - goalkickltd_trading_bot - ERROR - Cannot connect to exchange. Check API credentials and network connection.
