2025-03-19 14:17:57 - goalkickltd_trading_bot.strategies.base - ERROR - Error loading strategies: 'DataStore' object has no attribute 'load_strategies'
2025-03-19 14:17:57 - goalkickltd_trading_bot.utils.error_handling - ERROR - Failed to load strategies: AttributeError - 'DataStore' object has no attribute 'load_strategies'
2025-03-19 14:17:58 - goalkickltd_trading_bot.utils.error_handling - ERROR - Failed to send error notification: 404 Client Error: Not Found for url: https://api.telegram.org/botyour_telegram_token_here/sendMessage
2025-03-19 14:17:58 - goalkickltd_trading_bot.strategies.base - ERROR - Error saving strategies: 'DataStore' object has no attribute 'save_strategies'
2025-03-19 14:17:58 - goalkickltd_trading_bot.utils.error_handling - ERROR - Failed to save strategies: AttributeError - 'DataStore' object has no attribute 'save_strategies'
2025-03-19 14:18:00 - goalkickltd_trading_bot.utils.error_handling - ERROR - Failed to send error notification: 404 Client Error: Not Found for url: https://api.telegram.org/botyour_telegram_token_here/sendMessage
2025-03-19 14:18:01 - goalkickltd_trading_bot.bybit_api - ERROR - Request error: HTTPSConnectionPool(host='api-testnet.bybit.com', port=443): Max retries exceeded with url: /v5/market/time (Caused by NameResolutionError("<urllib3.connection.HTTPSConnection object at 0x000001C5B2CA5710>: Failed to resolve 'api-testnet.bybit.com' ([Errno 11001] getaddrinfo failed)"))
2025-03-19 14:18:02 - goalkickltd_trading_bot.bybit_api - ERROR - Request error: HTTPSConnectionPool(host='api-testnet.bybit.com', port=443): Max retries exceeded with url: /v5/market/time (Caused by NameResolutionError("<urllib3.connection.HTTPSConnection object at 0x000001C5B2CA7F10>: Failed to resolve 'api-testnet.bybit.com' ([Errno 11001] getaddrinfo failed)"))
2025-03-19 14:18:04 - goalkickltd_trading_bot.bybit_api - ERROR - Request error: HTTPSConnectionPool(host='api-testnet.bybit.com', port=443): Max retries exceeded with url: /v5/market/time (Caused by NameResolutionError("<urllib3.connection.HTTPSConnection object at 0x000001C5B2CC5BD0>: Failed to resolve 'api-testnet.bybit.com' ([Errno 11001] getaddrinfo failed)"))
2025-03-19 14:18:04 - goalkickltd_trading_bot.bybit_api - ERROR - Ping failed: HTTPSConnectionPool(host='api-testnet.bybit.com', port=443): Max retries exceeded with url: /v5/market/time (Caused by NameResolutionError("<urllib3.connection.HTTPSConnection object at 0x000001C5B2CC5BD0>: Failed to resolve 'api-testnet.bybit.com' ([Errno 11001] getaddrinfo failed)"))
2025-03-19 14:18:04 - goalkickltd_trading_bot - ERROR - Cannot connect to exchange. Check API credentials and network connection.
2025-03-19 14:37:57 - goalkickltd_trading_bot.strategies.base - ERROR - Error loading strategies: 'DataStore' object has no attribute 'load_strategies'
2025-03-19 14:37:57 - goalkickltd_trading_bot.utils.error_handling - ERROR - Failed to load strategies: AttributeError - 'DataStore' object has no attribute 'load_strategies'
2025-03-19 14:37:59 - goalkickltd_trading_bot.utils.error_handling - ERROR - Failed to send notification: 404 Client Error: Not Found for url: https://api.telegram.org/botyour_telegram_token_here/sendMessage
2025-03-19 14:37:59 - goalkickltd_trading_bot.strategies.base - ERROR - Error saving strategies: Failed to save strategies: string indices must be integers, not 'str'
2025-03-19 14:37:59 - goalkickltd_trading_bot.utils.error_handling - ERROR - Failed to save strategies: DataStoreError - Failed to save strategies: string indices must be integers, not 'str'
2025-03-19 14:38:00 - goalkickltd_trading_bot.utils.error_handling - ERROR - Failed to send notification: 404 Client Error: Not Found for url: https://api.telegram.org/botyour_telegram_token_here/sendMessage
2025-03-19 14:38:00 - goalkickltd_trading_bot.bybit_api - ERROR - Request error: HTTPSConnectionPool(host='api-testnet.bybit.com', port=443): Max retries exceeded with url: /v5/market/time (Caused by NameResolutionError("<urllib3.connection.HTTPSConnection object at 0x000001F0F5B5E6D0>: Failed to resolve 'api-testnet.bybit.com' ([Errno 11001] getaddrinfo failed)"))
2025-03-19 14:38:01 - goalkickltd_trading_bot.bybit_api - ERROR - Request error: HTTPSConnectionPool(host='api-testnet.bybit.com', port=443): Max retries exceeded with url: /v5/market/time (Caused by NameResolutionError("<urllib3.connection.HTTPSConnection object at 0x000001F0F5B6C250>: Failed to resolve 'api-testnet.bybit.com' ([Errno 11001] getaddrinfo failed)"))
2025-03-19 14:38:03 - goalkickltd_trading_bot.bybit_api - ERROR - Request error: HTTPSConnectionPool(host='api-testnet.bybit.com', port=443): Max retries exceeded with url: /v5/market/time (Caused by NameResolutionError("<urllib3.connection.HTTPSConnection object at 0x000001F0F57DC2D0>: Failed to resolve 'api-testnet.bybit.com' ([Errno 11001] getaddrinfo failed)"))
2025-03-19 14:38:03 - goalkickltd_trading_bot.bybit_api - ERROR - Ping failed: HTTPSConnectionPool(host='api-testnet.bybit.com', port=443): Max retries exceeded with url: /v5/market/time (Caused by NameResolutionError("<urllib3.connection.HTTPSConnection object at 0x000001F0F57DC2D0>: Failed to resolve 'api-testnet.bybit.com' ([Errno 11001] getaddrinfo failed)"))
2025-03-19 14:38:03 - goalkickltd_trading_bot - ERROR - Cannot connect to exchange. Check API credentials and network connection.
2025-03-19 14:44:23 - goalkickltd_trading_bot.datastore - ERROR - Error loading strategies: no such table: strategies
2025-03-19 14:44:23 - goalkickltd_trading_bot.utils.error_handling - ERROR - Failed to load strategies: OperationalError - no such table: strategies
2025-03-19 14:44:24 - goalkickltd_trading_bot.utils.error_handling - ERROR - Failed to send notification: 404 Client Error: Not Found for url: https://api.telegram.org/botyour_telegram_token_here/sendMessage
2025-03-19 14:44:24 - goalkickltd_trading_bot.strategies.base - ERROR - Error saving strategies: Failed to save strategies: string indices must be integers, not 'str'
2025-03-19 14:44:24 - goalkickltd_trading_bot.utils.error_handling - ERROR - Failed to save strategies: DataStoreError - Failed to save strategies: string indices must be integers, not 'str'
2025-03-19 14:44:25 - goalkickltd_trading_bot.utils.error_handling - ERROR - Failed to send notification: 404 Client Error: Not Found for url: https://api.telegram.org/botyour_telegram_token_here/sendMessage
2025-03-19 14:44:26 - goalkickltd_trading_bot.bybit_api - ERROR - Request error: HTTPSConnectionPool(host='api-testnet.bybit.com', port=443): Max retries exceeded with url: /v5/market/time (Caused by NameResolutionError("<urllib3.connection.HTTPSConnection object at 0x000001FB54774C10>: Failed to resolve 'api-testnet.bybit.com' ([Errno 11001] getaddrinfo failed)"))
2025-03-19 14:44:27 - goalkickltd_trading_bot.bybit_api - ERROR - Request error: HTTPSConnectionPool(host='api-testnet.bybit.com', port=443): Max retries exceeded with url: /v5/market/time (Caused by NameResolutionError("<urllib3.connection.HTTPSConnection object at 0x000001FB547767D0>: Failed to resolve 'api-testnet.bybit.com' ([Errno 11001] getaddrinfo failed)"))
2025-03-19 14:44:29 - goalkickltd_trading_bot.bybit_api - ERROR - Request error: HTTPSConnectionPool(host='api-testnet.bybit.com', port=443): Max retries exceeded with url: /v5/market/time (Caused by NameResolutionError("<urllib3.connection.HTTPSConnection object at 0x000001FB54774CD0>: Failed to resolve 'api-testnet.bybit.com' ([Errno 11001] getaddrinfo failed)"))
2025-03-19 14:44:29 - goalkickltd_trading_bot.bybit_api - ERROR - Ping failed: HTTPSConnectionPool(host='api-testnet.bybit.com', port=443): Max retries exceeded with url: /v5/market/time (Caused by NameResolutionError("<urllib3.connection.HTTPSConnection object at 0x000001FB54774CD0>: Failed to resolve 'api-testnet.bybit.com' ([Errno 11001] getaddrinfo failed)"))
2025-03-19 14:44:29 - goalkickltd_trading_bot - ERROR - Cannot connect to exchange. Check API credentials and network connection.
2025-03-19 14:48:52 - goalkickltd_trading_bot.strategies.base - ERROR - Error saving strategies: Failed to save strategies: string indices must be integers, not 'str'
2025-03-19 14:48:52 - goalkickltd_trading_bot.utils.error_handling - ERROR - Failed to save strategies: DataStoreError - Failed to save strategies: string indices must be integers, not 'str'
2025-03-19 14:48:53 - goalkickltd_trading_bot.utils.error_handling - ERROR - Failed to send notification: 404 Client Error: Not Found for url: https://api.telegram.org/botyour_telegram_token_here/sendMessage
2025-03-19 14:48:53 - goalkickltd_trading_bot.bybit_api - ERROR - Request error: HTTPSConnectionPool(host='api-testnet.bybit.com', port=443): Max retries exceeded with url: /v5/market/time (Caused by NameResolutionError("<urllib3.connection.HTTPSConnection object at 0x00000244E7A11B50>: Failed to resolve 'api-testnet.bybit.com' ([Errno 11001] getaddrinfo failed)"))
2025-03-19 14:48:54 - goalkickltd_trading_bot.bybit_api - ERROR - Request error: HTTPSConnectionPool(host='api-testnet.bybit.com', port=443): Max retries exceeded with url: /v5/market/time (Caused by NameResolutionError("<urllib3.connection.HTTPSConnection object at 0x00000244E7A13710>: Failed to resolve 'api-testnet.bybit.com' ([Errno 11001] getaddrinfo failed)"))
2025-03-19 14:48:56 - goalkickltd_trading_bot.bybit_api - ERROR - Request error: HTTPSConnectionPool(host='api-testnet.bybit.com', port=443): Max retries exceeded with url: /v5/market/time (Caused by NameResolutionError("<urllib3.connection.HTTPSConnection object at 0x00000244E7A10950>: Failed to resolve 'api-testnet.bybit.com' ([Errno 11001] getaddrinfo failed)"))
2025-03-19 14:48:56 - goalkickltd_trading_bot.bybit_api - ERROR - Ping failed: HTTPSConnectionPool(host='api-testnet.bybit.com', port=443): Max retries exceeded with url: /v5/market/time (Caused by NameResolutionError("<urllib3.connection.HTTPSConnection object at 0x00000244E7A10950>: Failed to resolve 'api-testnet.bybit.com' ([Errno 11001] getaddrinfo failed)"))
2025-03-19 14:48:56 - goalkickltd_trading_bot - ERROR - Cannot connect to exchange. Check API credentials and network connection.
